<?xml version="1.0" encoding="UTF-8"?>
<!-- Generated by org.testng.reporters.JUnitReportReporter -->
<testsuite hostname="Yvette" failures="0" tests="2" name="test_22Inches_Sizes.TestSize_275_40R22" time="9.339" errors="0" timestamp="2023-03-20T16:53:56 CDT" skipped="0">
  <testcase classname="test_22Inches_Sizes.TestSize_275_40R22" name="UsershoudbeableToclickon_size_275_40_R22" time="3.692"/>
  <system-out/>
  <testcase classname="test_22Inches_Sizes.TestSize_275_40R22" name="UserSouldBeAbleToto_Click_on22_Inches" time="5.647"/>
  <system-out/>
</testsuite> <!-- test_22Inches_Sizes.TestSize_275_40R22 -->
