<?xml version="1.0" encoding="UTF-8"?>
<!-- Generated by org.testng.reporters.JUnitReportReporter -->
<testsuite hostname="Yvette" failures="0" tests="2" name="test_21Inches_Sizes.TesSize_265_35_R21" time="9.956" errors="0" timestamp="2023-03-20T16:53:56 CDT" skipped="0">
  <testcase classname="test_21Inches_Sizes.TesSize_265_35_R21" name="UserSouldBeAbleToto_Click_on21_Inches" time="6.084"/>
  <system-out/>
  <testcase classname="test_21Inches_Sizes.TesSize_265_35_R21" name="UsershoudbeableToclickon_size_265_35_R21" time="3.872"/>
  <system-out/>
</testsuite> <!-- test_21Inches_Sizes.TesSize_265_35_R21 -->
