<?xml version="1.0" encoding="UTF-8"?>
<!-- Generated by org.testng.reporters.JUnitReportReporter -->
<testsuite hostname="Yvette" failures="0" tests="1" name="test.TesSize_275_45_R22" time="1.425" errors="0" timestamp="2023-03-19T10:10:40 CDT" skipped="0">
  <testcase classname="test.TesSize_275_45_R22" name="UsersouldBeAbleToclickon_size_275_45_R22" time="1.425"/>
  <system-out/>
</testsuite> <!-- test.TesSize_275_45_R22 -->
