<?xml version="1.0" encoding="UTF-8"?>
<!-- Generated by org.testng.reporters.JUnitReportReporter -->
<testsuite hostname="Yvette" failures="0" tests="1" name="Test_21Inches_Sizes.TestSize_275_40_21" time="2.768" errors="0" timestamp="2023-03-19T14:38:53 CDT" skipped="0">
  <testcase classname="Test_21Inches_Sizes.TestSize_275_40_21" name="UsershoudbeableToclickon_size_275_40_21" time="2.768"/>
  <system-out/>
</testsuite> <!-- Test_21Inches_Sizes.TestSize_275_40_21 -->
