<?xml version="1.0" encoding="UTF-8"?>
<!-- Generated by org.testng.reporters.JUnitReportReporter -->
<testsuite hostname="Yvette" failures="0" tests="1" name="test_22Inches_Sizes.TestSize_265_50R22" time="3.763" errors="0" timestamp="2023-03-20T16:53:56 CDT" skipped="0">
  <testcase classname="test_22Inches_Sizes.TestSize_265_50R22" name="UsershoudbeableToclickon_size_265_50_R22" time="3.763"/>
  <system-out/>
</testsuite> <!-- test_22Inches_Sizes.TestSize_265_50R22 -->
