<?xml version="1.0" encoding="UTF-8"?>
<!-- Generated by org.testng.reporters.JUnitReportReporter -->
<testsuite hostname="Yvette" failures="0" tests="2" name="Test_21Inches_Sizes.TestSize_275_30R21" time="6.902" errors="0" timestamp="2023-03-19T13:47:53 CDT" skipped="0">
  <testcase classname="Test_21Inches_Sizes.TestSize_275_30R21" name="UserSouldBeAbleToto_Click_on21_Inches" time="5.329"/>
  <system-out/>
  <testcase classname="Test_21Inches_Sizes.TestSize_275_30R21" name="UsershoudbeableToclickon_size_275_30_R21" time="1.573"/>
  <system-out/>
</testsuite> <!-- Test_21Inches_Sizes.TestSize_275_30R21 -->
