<?xml version="1.0" encoding="UTF-8"?>
<!-- Generated by org.testng.reporters.JUnitReportReporter -->
<testsuite hostname="Yvette" failures="0" tests="1" name="Test_21Inches_Sizes.TestSize_265_40_R22" time="5.975" errors="0" timestamp="2023-03-19T12:34:23 CDT" skipped="0">
  <testcase classname="Test_21Inches_Sizes.TestSize_265_40_R22" name="UserSouldBeAbleToto_Click_on22_Inches" time="5.975"/>
  <system-out/>
</testsuite> <!-- Test_21Inches_Sizes.TestSize_265_40_R22 -->
