<?xml version="1.0" encoding="UTF-8"?>
<!-- Generated by org.testng.reporters.JUnitReportReporter -->
<testsuite hostname="Yvette" failures="0" tests="1" name="test_21Inches_Sizes.TestSize_245_35_R21" time="3.799" errors="0" timestamp="2023-03-20T16:53:56 CDT" skipped="0">
  <testcase classname="test_21Inches_Sizes.TestSize_245_35_R21" name="UsershoudbeableToclickon_size_245_35_R21" time="3.799"/>
  <system-out/>
</testsuite> <!-- test_21Inches_Sizes.TestSize_245_35_R21 -->
