<?xml version="1.0" encoding="UTF-8"?>
<!-- Generated by org.testng.reporters.JUnitReportReporter -->
<testsuite hostname="Yvette" failures="0" tests="1" name="test_21Inches_Sizes.TestSize_275_35_R21" time="2.262" errors="0" timestamp="2023-03-20T16:53:56 CDT" skipped="0">
  <testcase classname="test_21Inches_Sizes.TestSize_275_35_R21" name="UsershoudbeableToclickon_size_265_35_R21" time="2.262"/>
  <system-out/>
</testsuite> <!-- test_21Inches_Sizes.TestSize_275_35_R21 -->
