<?xml version="1.0" encoding="UTF-8"?>
<!-- Generated by org.testng.reporters.JUnitReportReporter -->
<testsuite hostname="Yvette" failures="0" tests="2" name="test.TestSize_275_40R22" time="7.536" errors="0" timestamp="2023-03-19T12:12:16 CDT" skipped="0">
  <testcase classname="test.TestSize_275_40R22" name="UsershoudbeableToclickon_size_275_40_R22" time="2.560"/>
  <system-out/>
  <testcase classname="test.TestSize_275_40R22" name="UserSouldBeAbleToto_Click_on22_Inches" time="4.976"/>
  <system-out/>
</testsuite> <!-- test.TestSize_275_40R22 -->
