<?xml version="1.0" encoding="UTF-8"?>
<!-- Generated by org.testng.reporters.JUnitReportReporter -->
<testsuite hostname="Yvette" failures="0" tests="1" name="Test_21Inches_Sizes.TestSize_275_35_R31" time="2.312" errors="0" timestamp="2023-03-19T14:34:40 CDT" skipped="0">
  <testcase classname="Test_21Inches_Sizes.TestSize_275_35_R31" name="UsershoudbeableToclickon_size_265_35_R21" time="2.312"/>
  <system-out/>
</testsuite> <!-- Test_21Inches_Sizes.TestSize_275_35_R31 -->
