<?xml version="1.0" encoding="UTF-8"?>
<!-- Generated by org.testng.reporters.JUnitReportReporter -->
<testsuite hostname="Yvette" failures="0" tests="1" name="test.TestSize_265_50R22" time="2.688" errors="0" timestamp="2023-03-19T12:12:16 CDT" skipped="0">
  <testcase classname="test.TestSize_265_50R22" name="UsershoudbeableToclickon_size_265_50_R22" time="2.688"/>
  <system-out/>
</testsuite> <!-- test.TestSize_265_50R22 -->
