<?xml version="1.0" encoding="UTF-8"?>
<!-- Generated by org.testng.reporters.JUnitReportReporter -->
<testsuite hostname="Yvette" failures="0" tests="1" name="test_22Inches_Sizes.TestSize_275_45_R22" time="2.889" errors="0" timestamp="2023-03-20T16:53:56 CDT" skipped="0">
  <testcase classname="test_22Inches_Sizes.TestSize_275_45_R22" name="UsersouldBeAbleToclickon_size_275_45_R22" time="2.889"/>
  <system-out/>
</testsuite> <!-- test_22Inches_Sizes.TestSize_275_45_R22 -->
