<?xml version="1.0" encoding="UTF-8"?>
<!-- Generated by org.testng.reporters.JUnitReportReporter -->
<testsuite hostname="Yvette" failures="0" tests="2" name="test.TireSizesPageTest" time="8.409" errors="0" timestamp="2023-03-19T10:10:40 CDT" skipped="0">
  <testcase classname="test.TireSizesPageTest" name="clickon_size_275_40_R22" time="1.980"/>
  <system-out/>
  <testcase classname="test.TireSizesPageTest" name="UserSouldBeAbleToto_Click_on22_Inches" time="6.429"/>
  <system-out/>
</testsuite> <!-- test.TireSizesPageTest -->
