<?xml version="1.0" encoding="UTF-8"?>
<!-- Generated by org.testng.reporters.JUnitReportReporter -->
<testsuite hostname="Yvette" failures="0" tests="1" name="test_21Inches_Sizes.TesSize_275_45_R21" time="4.205" errors="0" timestamp="2023-03-20T16:53:56 CDT" skipped="0">
  <testcase classname="test_21Inches_Sizes.TesSize_275_45_R21" name="UsershoudbeableToclickon_size_275_45_R21" time="4.205"/>
  <system-out/>
</testsuite> <!-- test_21Inches_Sizes.TesSize_275_45_R21 -->
